<?xml version="1.0" encoding="UTF-8"?>
<testng-results skipped="0" failed="0" ignored="0" total="1" passed="1">
  <reporter-output>
  </reporter-output>
  <suite name="Default suite" duration-ms="2588" started-at="2018-06-01T14:21:36Z" finished-at="2018-06-01T14:21:39Z">
    <groups>
    </groups>
    <test name="Default test" duration-ms="2588" started-at="2018-06-01T14:21:36Z" finished-at="2018-06-01T14:21:39Z">
      <class name="com.JSONValidateNoHeader.qa.TestCase.GetMethodJSONValidateWithHeaderTest">
        <test-method status="PASS" signature="SetUp()[pri:0, instance:com.JSONValidateNoHeader.qa.TestCase.GetMethodJSONValidateWithHeaderTest@523884b2]" name="SetUp" is-config="true" duration-ms="2519" started-at="2018-06-01T14:21:36Z" finished-at="2018-06-01T14:21:39Z">
          <reporter-output>
          </reporter-output>
        </test-method> <!-- SetUp -->
        <test-method status="PASS" signature="JsonValidateWithHeaderTest()[pri:1, instance:com.JSONValidateNoHeader.qa.TestCase.GetMethodJSONValidateWithHeaderTest@523884b2]" name="JsonValidateWithHeaderTest" duration-ms="8" started-at="2018-06-01T14:21:39Z" finished-at="2018-06-01T14:21:39Z">
          <reporter-output>
          </reporter-output>
        </test-method> <!-- JsonValidateWithHeaderTest -->
      </class> <!-- com.JSONValidateNoHeader.qa.TestCase.GetMethodJSONValidateWithHeaderTest -->
    </test> <!-- Default test -->
  </suite> <!-- Default suite -->
</testng-results>
